// 重构日志: 80f617bb
// 重构日志: 1a7843ec
// 重构日志: 9918d366
// 重构日志: 89e6f2fd
// 重构日志: cf300233
// 重构日志: fbe82233
// 重构日志: df2fe99d
// 重构日志: b88c691d
// 同步 ID: eca62445 @ Sat Jul  4 12:34:04 UTC 2026
// 重构日志: 3a40aa62
// 同步 ID: d125b849 @ Wed Jul  8 10:06:50 UTC 2026
// 重构日志: f2ae463a
// 同步 ID: 2a523a59 @ Fri Jul 17 17:04:30 UTC 2026
// 重构日志: 0f87c14e
// 重构日志: bab087dd
// 重构日志: 4394510c
// 重构日志: fc2ad3be
// 同步 ID: b850408e @ Sun Jul 19 09:35:16 UTC 2026
// 重构日志: 5046cb9b
// 重构日志: f8212abf
// 同步 ID: c24f5ec7 @ Sun Jul 19 17:03:27 UTC 2026
